<cos>
    <meta-data>
        <doc-info>
            <title>Title</title>
        </doc-info>
        <author>
            <name>
                <first>A</first>
                <last>N</last>
            </name>
        </author>
    </meta-data>
    <body>
        <section>
            <title>Section 1 in root</title>
            <p>Text in s1</p>
            <figure>
                <graphics xmlns:xlink="http://www.w3.org/1999/xlink" xlink:href="file:///Users/System/Library/Containers/com.bitnami.mampstack/Data/app-5_4_9/apache2/htdocs/prox/refactor/Balisage-logotype-2013.png" xlink:type="simple" xlink:show="embed" xlink:actuate="onLoad" boxed="no"/>
                <caption>Image 1</caption>
            </figure>
            <inset xmlns:xlink="http://www.w3.org/1999/xlink" xlink:href="file:///Users/System/Library/Containers/com.bitnami.mampstack/Data/app-5_4_9/apache2/htdocs/prox/refactor/inset1.xml#id1" xlink:type="simple"/>
        </section>
        <inset xmlns:xlink="http://www.w3.org/1999/xlink" xlink:href="file:///Users/System/Library/Containers/com.bitnami.mampstack/Data/app-5_4_9/apache2/htdocs/prox/refactor/inset2.xml#id2" xlink:type="simple"/>
    </body>
</cos>