<?xml version="1.0" encoding="UTF-8"?>
<!DOCTYPE cos SYSTEM "/Users/System/Documents/SGML/DTD/Cassis/DTD/cos.dtd">
<cos>
    <meta-data>
        <doc-info>
            <title>Title</title>
        </doc-info>
        <author>
            <name>
                <first>A</first>
                <last>N</last>
            </name>
        </author>
    </meta-data>
    <body>
        <section>
            <title>Section 1 in root</title>
            <p>Text in s1</p>
            <figure>
                <graphics xlink:href="urn:image1"/>
                <caption>Image 1</caption>
            </figure>
            <inset xlink:href="urn:inset1#id1"/>
        </section>
        <inset xlink:href="urn:inset2#id2"/>
    </body>
</cos>
